<?xml version="1.0" encoding="UTF-8"?>
<!-- Generated by org.testng.reporters.JUnitReportReporter -->
<testsuite skipped="0" hostname="DESKTOP-B2220QC" name="tests.VerifyHeadersOFApplication" tests="1" failures="0" timestamp="2022-02-09T21:16:33 IST" time="7.454" errors="0">
  <testcase name="toVerifyTaskButton" time="7.454" classname="tests.VerifyHeadersOFApplication"/>
  <system-out/>
</testsuite> <!-- tests.VerifyHeadersOFApplication -->
