<?xml version="1.0" encoding="UTF-8"?>
<!-- Generated by org.testng.reporters.JUnitReportReporter -->
<testsuite skipped="0" hostname="DESKTOP-B2220QC" name="tests.TestClass1" tests="1" failures="0" timestamp="2022-02-10T20:47:33 IST" time="0.017" errors="0">
  <testcase name="testC" time="0.017" classname="tests.TestClass1"/>
  <system-out/>
</testsuite> <!-- tests.TestClass1 -->
