<?xml version="1.0" encoding="UTF-8"?>
<!-- Generated by org.testng.reporters.JUnitReportReporter -->
<testsuite skipped="0" hostname="DESKTOP-B2220QC" name="tests.TestClass1234" tests="4" failures="0" timestamp="2022-02-10T19:59:29 IST" time="5.055" errors="0">
  <testcase name="testC" time="0.006" classname="tests.TestClass1234"/>
  <system-out/>
  <testcase name="testA" time="5.040" classname="tests.TestClass1234"/>
  <system-out/>
  <testcase name="testD" time="0.005" classname="tests.TestClass1234"/>
  <system-out/>
  <testcase name="testB" time="0.004" classname="tests.TestClass1234"/>
  <system-out/>
</testsuite> <!-- tests.TestClass1234 -->
