<?xml version="1.0" encoding="UTF-8"?>
<!-- Generated by org.testng.reporters.JUnitReportReporter -->
<testsuite skipped="0" hostname="DESKTOP-B2220QC" name="tests.TestClass2" tests="3" failures="0" timestamp="2022-02-10T20:56:26 IST" time="0.034" errors="0">
  <testcase name="testH" time="0.008" classname="tests.TestClass2"/>
  <system-out/>
  <testcase name="testF" time="0.006" classname="tests.TestClass2"/>
  <system-out/>
  <testcase name="testE" time="0.020" classname="tests.TestClass2"/>
  <system-out/>
</testsuite> <!-- tests.TestClass2 -->
